PHP Warning:  Module "gd" is already loaded in Unknown on line 0

   WARN  PHP Warning: Module "gd" is already loaded in Unknown on line 0.  

   INFO  Server running on [http://127.0.0.1:8000].  

  Press Ctrl+C to stop the server

  2024-06-15 20:38:33 ................................................... ~ 0s
  2024-06-15 20:38:33 /favicon.ico ...................................... ~ 0s
  2024-06-15 20:38:34 ................................................... ~ 0s
  2024-06-15 20:38:34 /favicon.ico ...................................... ~ 0s
PHP Warning:  Module "gd" is already loaded in Unknown on line 0

   WARN  PHP Warning: Module "gd" is already loaded in Unknown on line 0.  

   INFO  Server running on [http://127.0.0.1:8000].  

  Press Ctrl+C to stop the server

  2024-06-15 20:39:21 ................................................... ~ 1s
  2024-06-15 20:39:22 /favicon.ico ...................................... ~ 0s
  2024-06-15 20:47:01 ................................................... ~ 1s
  2024-06-15 20:47:02 /favicon.ico ...................................... ~ 0s
  2024-06-15 20:47:35 ................................................... ~ 0s
  2024-06-15 20:47:35 ................................................... ~ 0s
  2024-06-15 20:47:35 ................................................... ~ 0s
  2024-06-15 20:47:35 /favicon.ico ...................................... ~ 0s
  2024-06-15 20:48:13 ................................................... ~ 1s
  2024-06-15 20:48:13 /favicon.ico ...................................... ~ 2s
  2024-06-15 20:49:08 /favicon.ico ...................................... ~ 0s
  2024-06-15 20:49:11 ................................................... ~ 1s
  2024-06-15 20:49:11 ................................................... ~ 1s
  2024-06-15 20:49:12 ................................................... ~ 0s
  2024-06-15 20:49:12 ................................................... ~ 0s
  2024-06-15 20:49:12 ................................................... ~ 0s
  2024-06-15 20:49:12 /favicon.ico ...................................... ~ 0s
  2024-06-15 20:49:19 ................................................... ~ 2s
  2024-06-15 20:49:21 ................................................... ~ 0s
  2024-06-15 20:49:21 ................................................... ~ 0s
  2024-06-15 20:49:21 ................................................... ~ 0s
  2024-06-15 20:49:21 /favicon.ico ...................................... ~ 0s
  2024-06-15 20:49:32 ................................................... ~ 0s
  2024-06-15 20:49:32 ................................................... ~ 0s
  2024-06-15 20:49:32 ................................................... ~ 0s
  2024-06-15 20:49:32 /favicon.ico ...................................... ~ 0s
  2024-06-15 20:51:21 ................................................... ~ 0s
  2024-06-15 20:51:21 ................................................... ~ 0s
  2024-06-15 20:51:21 ................................................... ~ 0s
  2024-06-15 20:51:21 /favicon.ico ...................................... ~ 0s
  2024-06-15 20:51:25 ................................................... ~ 0s
  2024-06-15 20:51:25 ................................................... ~ 0s
  2024-06-15 20:51:25 ................................................... ~ 0s
  2024-06-15 20:51:25 /favicon.ico ...................................... ~ 0s
  2024-06-15 20:51:37 ................................................... ~ 2s
  2024-06-15 20:51:37 ................................................... ~ 2s
  2024-06-15 20:51:39 ................................................... ~ 0s
  2024-06-15 20:51:39 ................................................... ~ 0s
  2024-06-15 20:51:39 ................................................... ~ 0s
  2024-06-15 20:51:39 /favicon.ico ...................................... ~ 0s
